<?xml version="1.0" encoding="UTF-8"?>
<!-- Generated by org.testng.reporters.JUnitReportReporter -->
<testsuite hostname="DESKTOP-20B5O0M" failures="0" tests="1" name="tests.LaunchAppTest" time="0.900" errors="0" timestamp="2025-09-12T17:07:05 BDT" skipped="0">
  <testcase classname="tests.LaunchAppTest" name="testLaunchApp" time="0.900"/>
</testsuite> <!-- tests.LaunchAppTest -->
